LuguApp/build/intermediates/manifest_merge_blame_file/release/manifest-merger-blame-release-report.txt
1<?xml version="1.0" encoding="utf-8"?>
2<manifest xmlns:android="http://schemas.android.com/apk/res/android"
3    package="com.lugumusic.lofi"
4    android:versionCode="6"
5    android:versionName="1.2.2 beta" >
6
7    <uses-sdk
8        android:minSdkVersion="21"
8-->src\main\AndroidManifest.xml
9        android:targetSdkVersion="30" />
9-->src\main\AndroidManifest.xml
10
11    <uses-permission android:name="android.permission.INTERNET" />
11-->src\main\AndroidManifest.xml:6:5-66
11-->src\main\AndroidManifest.xml:6:22-64
12    <uses-permission android:name="android.permission.ACCESS_NETWORK_STATE" />
12-->src\main\AndroidManifest.xml:7:5-78
12-->src\main\AndroidManifest.xml:7:22-76
13    <uses-permission android:name="android.permission.SYSTEM_ALERT_WINDOW" />
13-->src\main\AndroidManifest.xml:8:5-78
13-->src\main\AndroidManifest.xml:8:22-75
14    <uses-permission android:name="android.permission.REQUEST_INSTALL_PACKAGES" />
14-->src\main\AndroidManifest.xml:9:5-82
14-->src\main\AndroidManifest.xml:9:22-80
15    <uses-permission android:name="android.permission.WAKE_LOCK" />
15-->src\main\AndroidManifest.xml:10:5-68
15-->src\main\AndroidManifest.xml:10:22-65
16    <uses-permission android:name="android.permission.REQUEST_IGNORE_BATTERY_OPTIMIZATIONS" />
16-->src\main\AndroidManifest.xml:11:5-94
16-->src\main\AndroidManifest.xml:11:22-92
17    <uses-permission android:name="com.google.android.providers.gsf.permission.READ_GSERVICES" />
17-->[com.google.firebase:firebase-perf:19.0.10] AndroidManifest.xml:12:5-98
17-->[com.google.firebase:firebase-perf:19.0.10] AndroidManifest.xml:12:22-95
18    <uses-permission android:name="android.permission.WRITE_EXTERNAL_STORAGE" />
18-->[com.coolerfall:android-http-download-manager:1.6.2] AndroidManifest.xml:9:5-81
18-->[com.coolerfall:android-http-download-manager:1.6.2] AndroidManifest.xml:9:22-78
19    <uses-permission android:name="android.permission.READ_EXTERNAL_STORAGE" /> <!-- Required by older versions of Google Play services to create IID tokens -->
20    <uses-permission android:name="com.google.android.c2dm.permission.RECEIVE" />
20-->[com.google.firebase:firebase-iid:21.0.0] AndroidManifest.xml:26:5-82
20-->[com.google.firebase:firebase-iid:21.0.0] AndroidManifest.xml:26:22-79
21    <uses-permission android:name="com.google.android.finsky.permission.BIND_GET_INSTALL_REFERRER_SERVICE" /> <!-- Android package visibility setting -->
21-->[com.google.android.gms:play-services-measurement:18.0.0] AndroidManifest.xml:26:5-110
21-->[com.google.android.gms:play-services-measurement:18.0.0] AndroidManifest.xml:26:22-107
22    <queries>
22-->[com.google.android.gms:play-services-ads-lite:19.6.0] AndroidManifest.xml:27:5-38:15
23
24        <!-- For browser content -->
25        <intent>
25-->[com.google.android.gms:play-services-ads-lite:19.6.0] AndroidManifest.xml:30:9-36:18
26            <action android:name="android.intent.action.VIEW" />
26-->[com.firebaseui:firebase-ui-auth:5.1.0] AndroidManifest.xml:93:17-69
26-->[com.firebaseui:firebase-ui-auth:5.1.0] AndroidManifest.xml:93:25-66
27
28            <category android:name="android.intent.category.BROWSABLE" />
28-->[com.firebaseui:firebase-ui-auth:5.1.0] AndroidManifest.xml:96:17-78
28-->[com.firebaseui:firebase-ui-auth:5.1.0] AndroidManifest.xml:96:27-75
29
30            <data android:scheme="https" />
30-->src\main\AndroidManifest.xml:78:24-62
31        </intent>
32        <!-- End of browser content -->
33    </queries>
34
35    <uses-permission android:name="android.permission.RECEIVE_BOOT_COMPLETED" />
35-->[androidx.work:work-runtime:2.1.0] AndroidManifest.xml:27:5-81
35-->[androidx.work:work-runtime:2.1.0] AndroidManifest.xml:27:22-78
36
37    <application
37-->src\main\AndroidManifest.xml:13:5-107:19
38        android:name="com.lamesa.lugu.App"
38-->src\main\AndroidManifest.xml:14:9-43
39        android:allowBackup="true"
39-->[:jsevaluator-1.0:] AndroidManifest.xml:12:9-35
40        android:appComponentFactory="androidx.core.app.CoreComponentFactory"
40-->[androidx.core:core:1.3.0] AndroidManifest.xml:24:18-86
41        android:hardwareAccelerated="true"
41-->src\main\AndroidManifest.xml:15:9-43
42        android:icon="@mipmap/ic_launcher"
42-->src\main\AndroidManifest.xml:16:9-43
43        android:label="@string/app_name"
43-->src\main\AndroidManifest.xml:17:9-41
44        android:largeHeap="true"
44-->src\main\AndroidManifest.xml:18:9-33
45        android:networkSecurityConfig="@xml/network_config"
45-->src\main\AndroidManifest.xml:22:9-60
46        android:roundIcon="@mipmap/ic_launcher_round"
46-->src\main\AndroidManifest.xml:20:9-54
47        android:supportsRtl="true"
47-->src\main\AndroidManifest.xml:21:9-35
48        android:usesCleartextTraffic="true" >
48-->src\main\AndroidManifest.xml:19:9-44
49        <uses-library
49-->src\main\AndroidManifest.xml:25:9-27:40
50            android:name="org.apache.http.legacy"
50-->src\main\AndroidManifest.xml:26:13-50
51            android:required="false" />
51-->src\main\AndroidManifest.xml:27:13-37
52
53        <meta-data
53-->src\main\AndroidManifest.xml:29:9-93
54            android:name="io.sentry.dsn"
54-->src\main\AndroidManifest.xml:29:20-48
55            android:value="https://key@sentry.io/123" />
55-->src\main\AndroidManifest.xml:29:49-90
56        <meta-data
56-->src\main\AndroidManifest.xml:31:13-33:40
57            android:name="firebase_performance_logcat_enabled"
57-->src\main\AndroidManifest.xml:32:17-67
58            android:value="true" />
58-->src\main\AndroidManifest.xml:33:17-37
59        <meta-data
59-->src\main\AndroidManifest.xml:35:9-37:69
60            android:name="com.google.android.gms.ads.APPLICATION_ID"
60-->src\main\AndroidManifest.xml:36:13-69
61            android:value="ca-app-pub-1553194436365145~2484820665" />
61-->src\main\AndroidManifest.xml:37:13-67
62
63        <provider
64            android:name="androidx.core.content.FileProvider"
64-->src\main\AndroidManifest.xml:40:13-62
65            android:authorities="com.lugumusic.lofi.provider"
65-->src\main\AndroidManifest.xml:41:13-60
66            android:exported="false"
66-->src\main\AndroidManifest.xml:42:13-37
67            android:grantUriPermissions="true" >
67-->src\main\AndroidManifest.xml:43:13-47
68            <meta-data
68-->src\main\AndroidManifest.xml:44:13-46:63
69                android:name="android.support.FILE_PROVIDER_PATHS"
69-->src\main\AndroidManifest.xml:45:17-67
70                android:resource="@xml/file_provider_paths" />
70-->src\main\AndroidManifest.xml:46:17-60
71        </provider>
72
73        <activity
73-->src\main\AndroidManifest.xml:49:9-60:20
74            android:name="com.lamesa.lugu.activity.splash"
74-->src\main\AndroidManifest.xml:50:13-59
75            android:configChanges="orientation|screenSize"
75-->src\main\AndroidManifest.xml:52:13-59
76            android:screenOrientation="portrait"
76-->src\main\AndroidManifest.xml:51:13-49
77            android:theme="@style/LearnerAppTheme"
77-->src\main\AndroidManifest.xml:53:13-51
78            android:windowSoftInputMode="adjustPan|adjustResize" >
78-->src\main\AndroidManifest.xml:54:13-65
79            <intent-filter>
79-->src\main\AndroidManifest.xml:55:13-59:29
80                <action android:name="android.intent.action.MAIN" />
80-->src\main\AndroidManifest.xml:56:17-69
80-->src\main\AndroidManifest.xml:56:25-66
81
82                <category android:name="android.intent.category.LAUNCHER" />
82-->src\main\AndroidManifest.xml:58:17-77
82-->src\main\AndroidManifest.xml:58:27-74
83            </intent-filter>
84        </activity>
85        <activity
85-->src\main\AndroidManifest.xml:62:9-66:77
86            android:name="com.lamesa.lugu.activity.act_main"
86-->src\main\AndroidManifest.xml:62:19-67
87            android:configChanges="orientation|screenSize"
87-->src\main\AndroidManifest.xml:64:13-59
88            android:screenOrientation="portrait"
88-->src\main\AndroidManifest.xml:63:13-49
89            android:theme="@style/LearnerAppTheme"
89-->src\main\AndroidManifest.xml:65:13-51
90            android:windowSoftInputMode="adjustPan|adjustResize" />
90-->src\main\AndroidManifest.xml:66:13-65
91
92        <!-- solo en versiones admin -->
93        <activity
93-->src\main\AndroidManifest.xml:69:16-81:27
94            android:name="com.lamesa.lugu.mesa.DataYT"
94-->src\main\AndroidManifest.xml:70:20-47
95            android:excludeFromRecents="true"
95-->src\main\AndroidManifest.xml:72:20-53
96            android:taskAffinity=""
96-->src\main\AndroidManifest.xml:73:20-43
97            android:theme="@style/Theme.MaterialComponents.Dialog.Alert" >
97-->src\main\AndroidManifest.xml:71:20-80
98            <intent-filter>
98-->src\main\AndroidManifest.xml:75:20-79:36
99                <action android:name="android.intent.action.SEND" />
99-->src\main\AndroidManifest.xml:76:24-76
99-->src\main\AndroidManifest.xml:76:32-73
100
101                <category android:name="android.intent.category.DEFAULT" />
101-->src\main\AndroidManifest.xml:77:24-83
101-->src\main\AndroidManifest.xml:77:34-80
102
103                <data android:mimeType="text/plain" />
103-->src\main\AndroidManifest.xml:78:24-62
103-->src\main\AndroidManifest.xml:78:30-59
104            </intent-filter>
105        </activity>
106
107        <meta-data
107-->src\main\AndroidManifest.xml:84:16-86:64
108            android:name="preloaded_fonts"
108-->src\main\AndroidManifest.xml:85:20-50
109            android:resource="@array/preloaded_fonts" />
109-->src\main\AndroidManifest.xml:86:20-61
110
111        <!--
112                 A receiver that will receive media buttons and send as
113                 intents to your MediaBrowserServiceCompat implementation.
114                 Required on pre-Lollipop. More information at
115                 http://developer.android.com/reference/android/support/v4/media/session/MediaButtonReceiver.html
116        -->
117        <receiver
117-->src\main\AndroidManifest.xml:92:9-96:20
118            android:name="androidx.media.session.MediaButtonReceiver"
118-->src\main\AndroidManifest.xml:92:19-76
119            android:enabled="true" >
119-->src\main\AndroidManifest.xml:92:77-99
120            <intent-filter>
120-->src\main\AndroidManifest.xml:93:13-95:29
121                <action android:name="android.intent.action.MEDIA_BUTTON" />
121-->src\main\AndroidManifest.xml:94:17-77
121-->src\main\AndroidManifest.xml:94:25-74
122            </intent-filter>
123        </receiver>
124        <receiver android:name="com.lamesa.lugu.receiver.ActionReceiver" >
124-->src\main\AndroidManifest.xml:99:9-103:20
124-->src\main\AndroidManifest.xml:99:19-73
125            <intent-filter>
125-->src\main\AndroidManifest.xml:93:13-95:29
126                <action android:name="android.intent.action.MEDIA_BUTTON" />
126-->src\main\AndroidManifest.xml:94:17-77
126-->src\main\AndroidManifest.xml:94:25-74
127            </intent-filter>
128        </receiver>
129
130        <meta-data
130-->[com.firebaseui:firebase-ui-auth:5.1.0] AndroidManifest.xml:16:9-18:69
131            android:name="com.google.android.gms.version"
131-->[com.firebaseui:firebase-ui-auth:5.1.0] AndroidManifest.xml:17:13-58
132            android:value="@integer/google_play_services_version" />
132-->[com.firebaseui:firebase-ui-auth:5.1.0] AndroidManifest.xml:18:13-66
133        <meta-data
133-->[com.firebaseui:firebase-ui-auth:5.1.0] AndroidManifest.xml:19:9-21:63
134            android:name="com.facebook.sdk.ApplicationId"
134-->[com.firebaseui:firebase-ui-auth:5.1.0] AndroidManifest.xml:20:13-58
135            android:value="@string/facebook_application_id" />
135-->[com.firebaseui:firebase-ui-auth:5.1.0] AndroidManifest.xml:21:13-60
136
137        <activity
137-->[com.firebaseui:firebase-ui-auth:5.1.0] AndroidManifest.xml:23:9-27:61
138            android:name="com.firebase.ui.auth.KickoffActivity"
138-->[com.firebaseui:firebase-ui-auth:5.1.0] AndroidManifest.xml:24:13-64
139            android:exported="false"
139-->[com.firebaseui:firebase-ui-auth:5.1.0] AndroidManifest.xml:25:13-37
140            android:label=""
140-->[com.firebaseui:firebase-ui-auth:5.1.0] AndroidManifest.xml:26:13-29
141            android:theme="@style/FirebaseUI.Transparent" />
141-->[com.firebaseui:firebase-ui-auth:5.1.0] AndroidManifest.xml:27:13-58
142        <activity
142-->[com.firebaseui:firebase-ui-auth:5.1.0] AndroidManifest.xml:28:9-32:61
143            android:name="com.firebase.ui.auth.ui.idp.SingleSignInActivity"
143-->[com.firebaseui:firebase-ui-auth:5.1.0] AndroidManifest.xml:29:13-76
144            android:exported="false"
144-->[com.firebaseui:firebase-ui-auth:5.1.0] AndroidManifest.xml:30:13-37
145            android:label=""
145-->[com.firebaseui:firebase-ui-auth:5.1.0] AndroidManifest.xml:31:13-29
146            android:theme="@style/FirebaseUI.Transparent" />
146-->[com.firebaseui:firebase-ui-auth:5.1.0] AndroidManifest.xml:32:13-58
147        <activity
147-->[com.firebaseui:firebase-ui-auth:5.1.0] AndroidManifest.xml:33:9-37:61
148            android:name="com.firebase.ui.auth.ui.credentials.CredentialSaveActivity"
148-->[com.firebaseui:firebase-ui-auth:5.1.0] AndroidManifest.xml:34:13-86
149            android:exported="false"
149-->[com.firebaseui:firebase-ui-auth:5.1.0] AndroidManifest.xml:35:13-37
150            android:label=""
150-->[com.firebaseui:firebase-ui-auth:5.1.0] AndroidManifest.xml:36:13-29
151            android:theme="@style/FirebaseUI.Transparent" />
151-->[com.firebaseui:firebase-ui-auth:5.1.0] AndroidManifest.xml:37:13-58
152        <activity
152-->[com.firebaseui:firebase-ui-auth:5.1.0] AndroidManifest.xml:38:9-42:58
153            android:name="com.firebase.ui.auth.ui.email.RecoverPasswordActivity"
153-->[com.firebaseui:firebase-ui-auth:5.1.0] AndroidManifest.xml:39:13-81
154            android:exported="false"
154-->[com.firebaseui:firebase-ui-auth:5.1.0] AndroidManifest.xml:40:13-37
155            android:label="@string/fui_title_recover_password_activity"
155-->[com.firebaseui:firebase-ui-auth:5.1.0] AndroidManifest.xml:41:13-72
156            android:windowSoftInputMode="adjustResize" />
156-->[com.firebaseui:firebase-ui-auth:5.1.0] AndroidManifest.xml:42:13-55
157        <activity
157-->[com.firebaseui:firebase-ui-auth:5.1.0] AndroidManifest.xml:43:9-47:58
158            android:name="com.firebase.ui.auth.ui.email.EmailActivity"
158-->[com.firebaseui:firebase-ui-auth:5.1.0] AndroidManifest.xml:44:13-71
159            android:exported="false"
159-->[com.firebaseui:firebase-ui-auth:5.1.0] AndroidManifest.xml:45:13-37
160            android:label="@string/fui_sign_in_default"
160-->[com.firebaseui:firebase-ui-auth:5.1.0] AndroidManifest.xml:46:13-56
161            android:windowSoftInputMode="adjustResize" />
161-->[com.firebaseui:firebase-ui-auth:5.1.0] AndroidManifest.xml:47:13-55
162        <activity
162-->[com.firebaseui:firebase-ui-auth:5.1.0] AndroidManifest.xml:48:9-52:77
163            android:name="com.firebase.ui.auth.ui.phone.PhoneActivity"
163-->[com.firebaseui:firebase-ui-auth:5.1.0] AndroidManifest.xml:49:13-71
164            android:exported="false"
164-->[com.firebaseui:firebase-ui-auth:5.1.0] AndroidManifest.xml:50:13-37
165            android:label="@string/fui_sign_in_with_phone_number"
165-->[com.firebaseui:firebase-ui-auth:5.1.0] AndroidManifest.xml:51:13-66
166            android:windowSoftInputMode="adjustResize|stateAlwaysVisible" />
166-->[com.firebaseui:firebase-ui-auth:5.1.0] AndroidManifest.xml:52:13-74
167        <activity
167-->[com.firebaseui:firebase-ui-auth:5.1.0] AndroidManifest.xml:53:9-57:58
168            android:name="com.firebase.ui.auth.ui.idp.WelcomeBackIdpPrompt"
168-->[com.firebaseui:firebase-ui-auth:5.1.0] AndroidManifest.xml:54:13-76
169            android:exported="false"
169-->[com.firebaseui:firebase-ui-auth:5.1.0] AndroidManifest.xml:55:13-37
170            android:label="@string/fui_title_welcome_back_idp_prompt"
170-->[com.firebaseui:firebase-ui-auth:5.1.0] AndroidManifest.xml:56:13-70
171            android:windowSoftInputMode="adjustResize" />
171-->[com.firebaseui:firebase-ui-auth:5.1.0] AndroidManifest.xml:57:13-55
172        <activity
172-->[com.firebaseui:firebase-ui-auth:5.1.0] AndroidManifest.xml:58:9-62:58
173            android:name="com.firebase.ui.auth.ui.email.WelcomeBackPasswordPrompt"
173-->[com.firebaseui:firebase-ui-auth:5.1.0] AndroidManifest.xml:59:13-83
174            android:exported="false"
174-->[com.firebaseui:firebase-ui-auth:5.1.0] AndroidManifest.xml:60:13-37
175            android:label="@string/fui_title_welcome_back_password_prompt"
175-->[com.firebaseui:firebase-ui-auth:5.1.0] AndroidManifest.xml:61:13-75
176            android:windowSoftInputMode="adjustResize" />
176-->[com.firebaseui:firebase-ui-auth:5.1.0] AndroidManifest.xml:62:13-55
177        <activity
177-->[com.firebaseui:firebase-ui-auth:5.1.0] AndroidManifest.xml:63:9-67:58
178            android:name="com.firebase.ui.auth.ui.email.WelcomeBackEmailLinkPrompt"
178-->[com.firebaseui:firebase-ui-auth:5.1.0] AndroidManifest.xml:64:13-84
179            android:exported="false"
179-->[com.firebaseui:firebase-ui-auth:5.1.0] AndroidManifest.xml:65:13-37
180            android:label="@string/fui_title_welcome_back_password_prompt"
180-->[com.firebaseui:firebase-ui-auth:5.1.0] AndroidManifest.xml:66:13-75
181            android:windowSoftInputMode="adjustResize" />
181-->[com.firebaseui:firebase-ui-auth:5.1.0] AndroidManifest.xml:67:13-55
182        <activity
182-->[com.firebaseui:firebase-ui-auth:5.1.0] AndroidManifest.xml:68:9-73:58
183            android:name="com.firebase.ui.auth.ui.email.EmailLinkCatcherActivity"
183-->[com.firebaseui:firebase-ui-auth:5.1.0] AndroidManifest.xml:69:13-82
184            android:exported="false"
184-->[com.firebaseui:firebase-ui-auth:5.1.0] AndroidManifest.xml:70:13-37
185            android:label=""
185-->[com.firebaseui:firebase-ui-auth:5.1.0] AndroidManifest.xml:71:13-29
186            android:theme="@style/FirebaseUI.Transparent"
186-->[com.firebaseui:firebase-ui-auth:5.1.0] AndroidManifest.xml:72:13-58
187            android:windowSoftInputMode="adjustResize" />
187-->[com.firebaseui:firebase-ui-auth:5.1.0] AndroidManifest.xml:73:13-55
188        <activity
188-->[com.firebaseui:firebase-ui-auth:5.1.0] AndroidManifest.xml:74:9-78:58
189            android:name="com.firebase.ui.auth.ui.email.EmailLinkErrorRecoveryActivity"
189-->[com.firebaseui:firebase-ui-auth:5.1.0] AndroidManifest.xml:75:13-88
190            android:exported="false"
190-->[com.firebaseui:firebase-ui-auth:5.1.0] AndroidManifest.xml:76:13-37
191            android:label="@string/fui_sign_in_default"
191-->[com.firebaseui:firebase-ui-auth:5.1.0] AndroidManifest.xml:77:13-56
192            android:windowSoftInputMode="adjustResize" />
192-->[com.firebaseui:firebase-ui-auth:5.1.0] AndroidManifest.xml:78:13-55
193        <activity
193-->[com.firebaseui:firebase-ui-auth:5.1.0] AndroidManifest.xml:79:9-82:65
194            android:name="com.firebase.ui.auth.ui.idp.AuthMethodPickerActivity"
194-->[com.firebaseui:firebase-ui-auth:5.1.0] AndroidManifest.xml:80:13-80
195            android:exported="false"
195-->[com.firebaseui:firebase-ui-auth:5.1.0] AndroidManifest.xml:81:13-37
196            android:label="@string/fui_default_toolbar_title" />
196-->[com.firebaseui:firebase-ui-auth:5.1.0] AndroidManifest.xml:82:13-62
197        <activity
197-->[com.firebaseui:firebase-ui-auth:5.1.0] AndroidManifest.xml:83:9-87:48
198            android:name="com.facebook.FacebookActivity"
198-->[com.firebaseui:firebase-ui-auth:5.1.0] AndroidManifest.xml:84:13-57
199            android:configChanges="keyboard|keyboardHidden|screenLayout|screenSize|orientation"
199-->[com.firebaseui:firebase-ui-auth:5.1.0] AndroidManifest.xml:85:13-96
200            android:label="@string/app_name" />
200-->[com.firebaseui:firebase-ui-auth:5.1.0] AndroidManifest.xml:86:13-45
201        <activity
201-->[com.firebaseui:firebase-ui-auth:5.1.0] AndroidManifest.xml:88:9-100:20
202            android:name="com.facebook.CustomTabActivity"
202-->[com.firebaseui:firebase-ui-auth:5.1.0] AndroidManifest.xml:89:13-58
203            android:exported="true" >
203-->[com.firebaseui:firebase-ui-auth:5.1.0] AndroidManifest.xml:90:13-36
204            <intent-filter>
204-->[com.firebaseui:firebase-ui-auth:5.1.0] AndroidManifest.xml:92:13-99:29
205                <action android:name="android.intent.action.VIEW" />
205-->[com.firebaseui:firebase-ui-auth:5.1.0] AndroidManifest.xml:93:17-69
205-->[com.firebaseui:firebase-ui-auth:5.1.0] AndroidManifest.xml:93:25-66
206
207                <category android:name="android.intent.category.DEFAULT" />
207-->src\main\AndroidManifest.xml:77:24-83
207-->src\main\AndroidManifest.xml:77:34-80
208                <category android:name="android.intent.category.BROWSABLE" />
208-->[com.firebaseui:firebase-ui-auth:5.1.0] AndroidManifest.xml:96:17-78
208-->[com.firebaseui:firebase-ui-auth:5.1.0] AndroidManifest.xml:96:27-75
209
210                <data android:scheme="@string/facebook_login_protocol_scheme" />
210-->src\main\AndroidManifest.xml:78:24-62
211            </intent-filter>
212        </activity>
213
214        <provider
214-->[com.firebaseui:firebase-ui-auth:5.1.0] AndroidManifest.xml:102:9-106:38
215            android:name="com.firebase.ui.auth.data.client.AuthUiInitProvider"
215-->[com.firebaseui:firebase-ui-auth:5.1.0] AndroidManifest.xml:103:13-79
216            android:authorities="com.lugumusic.lofi.authuiinitprovider"
216-->[com.firebaseui:firebase-ui-auth:5.1.0] AndroidManifest.xml:104:13-70
217            android:exported="false"
217-->[com.firebaseui:firebase-ui-auth:5.1.0] AndroidManifest.xml:105:13-37
218            android:initOrder="90" />
218-->[com.firebaseui:firebase-ui-auth:5.1.0] AndroidManifest.xml:106:13-35
219
220        <activity
220-->[gun0912.ted:tedpermission:2.2.3] AndroidManifest.xml:10:9-14:67
221            android:name="com.gun0912.tedpermission.TedPermissionActivity"
221-->[gun0912.ted:tedpermission:2.2.3] AndroidManifest.xml:11:13-75
222            android:configChanges="mcc|mnc|locale|keyboard|keyboardHidden|screenLayout|fontScale|uiMode|orientation|screenSize|layoutDirection"
222-->[gun0912.ted:tedpermission:2.2.3] AndroidManifest.xml:12:13-144
223            android:screenOrientation="unspecified"
223-->[gun0912.ted:tedpermission:2.2.3] AndroidManifest.xml:13:13-52
224            android:theme="@style/Theme.Transparent.Permission" />
224-->[gun0912.ted:tedpermission:2.2.3] AndroidManifest.xml:14:13-64
225
226        <provider
226-->[com.google.firebase:firebase-perf:19.0.10] AndroidManifest.xml:15:9-19:39
227            android:name="com.google.firebase.perf.provider.FirebasePerfProvider"
227-->[com.google.firebase:firebase-perf:19.0.10] AndroidManifest.xml:16:13-82
228            android:authorities="com.lugumusic.lofi.firebaseperfprovider"
228-->[com.google.firebase:firebase-perf:19.0.10] AndroidManifest.xml:17:13-72
229            android:exported="false"
229-->[com.google.firebase:firebase-perf:19.0.10] AndroidManifest.xml:18:13-37
230            android:initOrder="101" />
230-->[com.google.firebase:firebase-perf:19.0.10] AndroidManifest.xml:19:13-36
231
232        <service
232-->[com.google.firebase:firebase-perf:19.0.10] AndroidManifest.xml:21:9-27:19
233            android:name="com.google.firebase.components.ComponentDiscoveryService"
233-->[com.google.firebase:firebase-perf:19.0.10] AndroidManifest.xml:22:13-84
234            android:directBootAware="true"
234-->[com.google.firebase:firebase-common:19.4.0] AndroidManifest.xml:35:13-43
235            android:exported="false" >
235-->[com.google.firebase:firebase-perf:19.0.10] AndroidManifest.xml:23:13-37
236            <meta-data
236-->[com.google.firebase:firebase-perf:19.0.10] AndroidManifest.xml:24:13-26:85
237                android:name="com.google.firebase.components:com.google.firebase.perf.FirebasePerfRegistrar"
237-->[com.google.firebase:firebase-perf:19.0.10] AndroidManifest.xml:25:17-109
238                android:value="com.google.firebase.components.ComponentRegistrar" />
238-->[com.google.firebase:firebase-perf:19.0.10] AndroidManifest.xml:26:17-82
239            <meta-data
239-->[com.google.firebase:firebase-messaging:21.0.0] AndroidManifest.xml:39:13-41:85
240                android:name="com.google.firebase.components:com.google.firebase.messaging.FirebaseMessagingRegistrar"
240-->[com.google.firebase:firebase-messaging:21.0.0] AndroidManifest.xml:40:17-119
241                android:value="com.google.firebase.components.ComponentRegistrar" />
241-->[com.google.firebase:firebase-messaging:21.0.0] AndroidManifest.xml:41:17-82
242            <meta-data
242-->[com.google.firebase:firebase-firestore:22.0.0] AndroidManifest.xml:20:13-22:85
243                android:name="com.google.firebase.components:com.google.firebase.firestore.FirestoreRegistrar"
243-->[com.google.firebase:firebase-firestore:22.0.0] AndroidManifest.xml:21:17-111
244                android:value="com.google.firebase.components.ComponentRegistrar" />
244-->[com.google.firebase:firebase-firestore:22.0.0] AndroidManifest.xml:22:17-82
245            <meta-data
245-->[com.google.firebase:firebase-crashlytics:17.3.0] AndroidManifest.xml:18:13-20:85
246                android:name="com.google.firebase.components:com.google.firebase.crashlytics.CrashlyticsRegistrar"
246-->[com.google.firebase:firebase-crashlytics:17.3.0] AndroidManifest.xml:19:17-115
247                android:value="com.google.firebase.components.ComponentRegistrar" />
247-->[com.google.firebase:firebase-crashlytics:17.3.0] AndroidManifest.xml:20:17-82
248            <meta-data
248-->[com.google.firebase:firebase-database:19.5.1] AndroidManifest.xml:32:13-34:85
249                android:name="com.google.firebase.components:com.google.firebase.database.DatabaseRegistrar"
249-->[com.google.firebase:firebase-database:19.5.1] AndroidManifest.xml:33:17-109
250                android:value="com.google.firebase.components.ComponentRegistrar" />
250-->[com.google.firebase:firebase-database:19.5.1] AndroidManifest.xml:34:17-82
251            <meta-data
251-->[com.google.firebase:firebase-storage:19.2.0] AndroidManifest.xml:33:13-35:85
252                android:name="com.google.firebase.components:com.google.firebase.storage.StorageRegistrar"
252-->[com.google.firebase:firebase-storage:19.2.0] AndroidManifest.xml:34:17-107
253                android:value="com.google.firebase.components.ComponentRegistrar" />
253-->[com.google.firebase:firebase-storage:19.2.0] AndroidManifest.xml:35:17-82
254            <meta-data
254-->[com.google.firebase:firebase-iid:21.0.0] AndroidManifest.xml:32:13-34:85
255                android:name="com.google.firebase.components:com.google.firebase.iid.Registrar"
255-->[com.google.firebase:firebase-iid:21.0.0] AndroidManifest.xml:33:17-96
256                android:value="com.google.firebase.components.ComponentRegistrar" />
256-->[com.google.firebase:firebase-iid:21.0.0] AndroidManifest.xml:34:17-82
257            <meta-data
257-->[com.google.firebase:firebase-config:20.0.2] AndroidManifest.xml:32:13-34:85
258                android:name="com.google.firebase.components:com.google.firebase.remoteconfig.RemoteConfigRegistrar"
258-->[com.google.firebase:firebase-config:20.0.2] AndroidManifest.xml:33:17-117
259                android:value="com.google.firebase.components.ComponentRegistrar" />
259-->[com.google.firebase:firebase-config:20.0.2] AndroidManifest.xml:34:17-82
260            <meta-data
260-->[com.google.android.gms:play-services-measurement-api:18.0.0] AndroidManifest.xml:30:13-32:85
261                android:name="com.google.firebase.components:com.google.firebase.analytics.connector.internal.AnalyticsConnectorRegistrar"
261-->[com.google.android.gms:play-services-measurement-api:18.0.0] AndroidManifest.xml:31:17-139
262                android:value="com.google.firebase.components.ComponentRegistrar" />
262-->[com.google.android.gms:play-services-measurement-api:18.0.0] AndroidManifest.xml:32:17-82
263            <meta-data
263-->[com.google.firebase:firebase-abt:20.0.0] AndroidManifest.xml:13:13-15:85
264                android:name="com.google.firebase.components:com.google.firebase.abt.component.AbtRegistrar"
264-->[com.google.firebase:firebase-abt:20.0.0] AndroidManifest.xml:14:17-109
265                android:value="com.google.firebase.components.ComponentRegistrar" />
265-->[com.google.firebase:firebase-abt:20.0.0] AndroidManifest.xml:15:17-82
266            <meta-data
266-->[com.google.firebase:firebase-installations:16.3.4] AndroidManifest.xml:18:13-20:85
267                android:name="com.google.firebase.components:com.google.firebase.installations.FirebaseInstallationsRegistrar"
267-->[com.google.firebase:firebase-installations:16.3.4] AndroidManifest.xml:19:17-127
268                android:value="com.google.firebase.components.ComponentRegistrar" />
268-->[com.google.firebase:firebase-installations:16.3.4] AndroidManifest.xml:20:17-82
269            <meta-data
269-->[com.google.firebase:firebase-datatransport:17.0.9] AndroidManifest.xml:28:13-30:85
270                android:name="com.google.firebase.components:com.google.firebase.datatransport.TransportRegistrar"
270-->[com.google.firebase:firebase-datatransport:17.0.9] AndroidManifest.xml:29:17-115
271                android:value="com.google.firebase.components.ComponentRegistrar" />
271-->[com.google.firebase:firebase-datatransport:17.0.9] AndroidManifest.xml:30:17-82
272            <meta-data
272-->[com.google.firebase:firebase-auth:20.0.1] AndroidManifest.xml:77:13-79:85
273                android:name="com.google.firebase.components:com.google.firebase.auth.FirebaseAuthRegistrar"
273-->[com.google.firebase:firebase-auth:20.0.1] AndroidManifest.xml:78:17-109
274                android:value="com.google.firebase.components.ComponentRegistrar" />